<?xml version="1.0" encoding="UTF-8"?>
<!-- Generated by org.testng.reporters.JUnitReportReporter -->
<testsuite skipped="0" hostname="HP-PC" name="Selenium" tests="5" failures="0" timestamp="18 Mar 2018 01:50:53 GMT" time="0.015" errors="0">
  <testcase name="car2" time="0.015" classname="Selenium"/>
  <testcase name="car1" time="0.000" classname="Selenium"/>
  <testcase name="sedan" time="0.000" classname="Selenium"/>
  <testcase name="scooter2" time="0.000" classname="Selenium"/>
  <testcase name="scooter1" time="0.000" classname="Selenium"/>
</testsuite> <!-- Selenium -->
